<?xml version="1.0" encoding="UTF-8"?>
<!-- Generated by org.testng.reporters.JUnitXMLReporter -->
<testsuite ignored="0" hostname="LENOVO" failures="0" tests="5" name="Default test" time="9.781" errors="0" timestamp="2026-02-22T17:03:02 EET">
  <testcase classname="myTestCases.Hello" name="myTestToAddData" time="0.019"/>
  <testcase classname="myTestCases.Hello" name="ReadData" time="0.022"/>
  <testcase classname="myTestCases.Hello" name="SignupWithDataBase" time="7.076"/>
  <testcase classname="myTestCases.Hello" name="myTestToUpdateData" time="0.005"/>
  <testcase classname="myTestCases.Hello" name="myTestToDeleteData" time="0.004"/>
</testsuite> <!-- Default test -->
