<?xml version="1.0" encoding="UTF-8"?>
<testng-results ignored="0" total="5" passed="5" failed="0" skipped="0">
  <reporter-output>
  </reporter-output>
  <suite started-at="2026-02-22T17:02:53 EET" name="Default suite" finished-at="2026-02-22T17:03:02 EET" duration-ms="9781">
    <groups>
    </groups>
    <test started-at="2026-02-22T17:02:53 EET" name="Default test" finished-at="2026-02-22T17:03:02 EET" duration-ms="9781">
      <class name="myTestCases.Hello">
        <test-method is-config="true" signature="myBeforeTest()[pri:0, instance:myTestCases.Hello@3724af13]" started-at="2026-02-22T17:02:53 EET" name="myBeforeTest" finished-at="2026-02-22T17:02:55 EET" duration-ms="2618" status="PASS">
          <reporter-output>
          </reporter-output>
        </test-method> <!-- myBeforeTest -->
        <test-method signature="myTestToAddData()[pri:1, instance:myTestCases.Hello@3724af13]" started-at="2026-02-22T17:02:55 EET" name="myTestToAddData" finished-at="2026-02-22T17:02:55 EET" duration-ms="19" status="PASS">
          <reporter-output>
          </reporter-output>
        </test-method> <!-- myTestToAddData -->
        <test-method signature="ReadData()[pri:2, instance:myTestCases.Hello@3724af13]" started-at="2026-02-22T17:02:55 EET" name="ReadData" finished-at="2026-02-22T17:02:55 EET" duration-ms="22" status="PASS">
          <reporter-output>
          </reporter-output>
        </test-method> <!-- ReadData -->
        <test-method signature="SignupWithDataBase()[pri:3, instance:myTestCases.Hello@3724af13]" started-at="2026-02-22T17:02:55 EET" name="SignupWithDataBase" finished-at="2026-02-22T17:03:02 EET" duration-ms="7076" status="PASS">
          <reporter-output>
          </reporter-output>
        </test-method> <!-- SignupWithDataBase -->
        <test-method signature="myTestToUpdateData()[pri:4, instance:myTestCases.Hello@3724af13]" started-at="2026-02-22T17:03:02 EET" name="myTestToUpdateData" finished-at="2026-02-22T17:03:02 EET" duration-ms="5" status="PASS">
          <reporter-output>
          </reporter-output>
        </test-method> <!-- myTestToUpdateData -->
        <test-method signature="myTestToDeleteData()[pri:5, instance:myTestCases.Hello@3724af13]" started-at="2026-02-22T17:03:02 EET" name="myTestToDeleteData" finished-at="2026-02-22T17:03:02 EET" duration-ms="4" status="PASS">
          <reporter-output>
          </reporter-output>
        </test-method> <!-- myTestToDeleteData -->
      </class> <!-- myTestCases.Hello -->
    </test> <!-- Default test -->
  </suite> <!-- Default suite -->
</testng-results>
