<?xml version="1.0" encoding="UTF-8"?>
<!-- Generated by org.testng.reporters.JUnitReportReporter -->
<testsuite hostname="LENOVO" failures="0" tests="6" name="myTestCases.HomePage" time="19.259" errors="0" timestamp="2026-02-20T04:46:10 EET" skipped="1">
  <testcase classname="myTestCases.HomePage" name="Signup" time="9.494"/>
  <testcase classname="myTestCases.HomePage" name="logout" time="0.761"/>
  <testcase classname="myTestCases.HomePage" name="Login" time="1.607"/>
  <testcase classname="myTestCases.HomePage" name="AddRandomItem" time="2.599"/>
  <testcase classname="myTestCases.HomePage" name="CheckoutProcess" time="4.798"/>
  <testcase classname="myTestCases.HomePage" name="SignupWithDataBase">
    <skipped/>
  </testcase> <!-- SignupWithDataBase -->
</testsuite> <!-- myTestCases.HomePage -->
